yarn add v1.22.15
warning package-lock.json found. Your project contains lock files generated by tools other than Yarn. It is advised not to mix package managers in order to avoid resolution inconsistencies caused by unsynchronized lock files. To clear this warning, remove package-lock.json.
[1/4] Resolving packages...
warning storybook > @storybook/cli > jscodeshift > temp > rimraf@2.6.3: Rimraf versions prior to v4 are no longer supported
warning @storybook/react-webpack5 > @storybook/builder-webpack5 > fork-ts-checker-webpack-plugin > memfs@3.6.0: this will be v4
warning @storybook/react-webpack5 > @storybook/builder-webpack5 > webpack-dev-middleware > memfs@3.6.0: this will be v4
[2/4] Fetching packages...
info fsevents@2.3.3: The platform "win32" is incompatible with this module.
info "fsevents@2.3.3" is an optional dependency and failed compatibility check. Excluding it from installation.
info @esbuild/aix-ppc64@0.20.2: The platform "win32" is incompatible with this module.
info "@esbuild/aix-ppc64@0.20.2" is an optional dependency and failed compatibility check. Excluding it from installation.
info @esbuild/aix-ppc64@0.20.2: The CPU architecture "x64" is incompatible with this module.
info @esbuild/linux-arm@0.20.2: The platform "win32" is incompatible with this module.
info "@esbuild/linux-arm@0.20.2" is an optional dependency and failed compatibility check. Excluding it from installation.
info @esbuild/linux-arm@0.20.2: The CPU architecture "x64" is incompatible with this module.
info @esbuild/linux-x64@0.20.2: The platform "win32" is incompatible with this module.
info "@esbuild/linux-x64@0.20.2" is an optional dependency and failed compatibility check. Excluding it from installation.
info @esbuild/sunos-x64@0.20.2: The platform "win32" is incompatible with this module.
info "@esbuild/sunos-x64@0.20.2" is an optional dependency and failed compatibility check. Excluding it from installation.
info @esbuild/freebsd-x64@0.20.2: The platform "win32" is incompatible with this module.
info "@esbuild/freebsd-x64@0.20.2" is an optional dependency and failed compatibility check. Excluding it from installation.
info @esbuild/android-x64@0.20.2: The platform "win32" is incompatible with this module.
info "@esbuild/android-x64@0.20.2" is an optional dependency and failed compatibility check. Excluding it from installation.
info @esbuild/linux-arm64@0.20.2: The platform "win32" is incompatible with this module.
info "@esbuild/linux-arm64@0.20.2" is an optional dependency and failed compatibility check. Excluding it from installation.
info @esbuild/linux-arm64@0.20.2: The CPU architecture "x64" is incompatible with this module.
info @esbuild/linux-ppc64@0.20.2: The platform "win32" is incompatible with this module.
info "@esbuild/linux-ppc64@0.20.2" is an optional dependency and failed compatibility check. Excluding it from installation.
info @esbuild/linux-ppc64@0.20.2: The CPU architecture "x64" is incompatible with this module.
info @esbuild/openbsd-x64@0.20.2: The platform "win32" is incompatible with this module.
info "@esbuild/openbsd-x64@0.20.2" is an optional dependency and failed compatibility check. Excluding it from installation.
info @esbuild/win32-arm64@0.20.2: The CPU architecture "x64" is incompatible with this module.
info "@esbuild/win32-arm64@0.20.2" is an optional dependency and failed compatibility check. Excluding it from installation.
info @esbuild/darwin-arm64@0.20.2: The platform "win32" is incompatible with this module.
info "@esbuild/darwin-arm64@0.20.2" is an optional dependency and failed compatibility check. Excluding it from installation.
info @esbuild/darwin-arm64@0.20.2: The CPU architecture "x64" is incompatible with this module.
info @esbuild/netbsd-x64@0.20.2: The platform "win32" is incompatible with this module.
info "@esbuild/netbsd-x64@0.20.2" is an optional dependency and failed compatibility check. Excluding it from installation.
info @esbuild/darwin-x64@0.20.2: The platform "win32" is incompatible with this module.
info "@esbuild/darwin-x64@0.20.2" is an optional dependency and failed compatibility check. Excluding it from installation.
info @esbuild/android-arm64@0.20.2: The platform "win32" is incompatible with this module.
info "@esbuild/android-arm64@0.20.2" is an optional dependency and failed compatibility check. Excluding it from installation.
info @esbuild/android-arm64@0.20.2: The CPU architecture "x64" is incompatible with this module.
info @esbuild/android-arm@0.20.2: The platform "win32" is incompatible with this module.
info "@esbuild/android-arm@0.20.2" is an optional dependency and failed compatibility check. Excluding it from installation.
info @esbuild/android-arm@0.20.2: The CPU architecture "x64" is incompatible with this module.
info @esbuild/win32-ia32@0.20.2: The CPU architecture "x64" is incompatible with this module.
info "@esbuild/win32-ia32@0.20.2" is an optional dependency and failed compatibility check. Excluding it from installation.
info @esbuild/linux-s390x@0.20.2: The platform "win32" is incompatible with this module.
info "@esbuild/linux-s390x@0.20.2" is an optional dependency and failed compatibility check. Excluding it from installation.
info @esbuild/linux-s390x@0.20.2: The CPU architecture "x64" is incompatible with this module.
info @esbuild/linux-ia32@0.20.2: The platform "win32" is incompatible with this module.
info "@esbuild/linux-ia32@0.20.2" is an optional dependency and failed compatibility check. Excluding it from installation.
info @esbuild/linux-ia32@0.20.2: The CPU architecture "x64" is incompatible with this module.
info @esbuild/freebsd-arm64@0.20.2: The platform "win32" is incompatible with this module.
info "@esbuild/freebsd-arm64@0.20.2" is an optional dependency and failed compatibility check. Excluding it from installation.
info @esbuild/freebsd-arm64@0.20.2: The CPU architecture "x64" is incompatible with this module.
info @esbuild/linux-loong64@0.20.2: The platform "win32" is incompatible with this module.
info "@esbuild/linux-loong64@0.20.2" is an optional dependency and failed compatibility check. Excluding it from installation.
info @esbuild/linux-loong64@0.20.2: The CPU architecture "x64" is incompatible with this module.
info @esbuild/linux-mips64el@0.20.2: The platform "win32" is incompatible with this module.
info "@esbuild/linux-mips64el@0.20.2" is an optional dependency and failed compatibility check. Excluding it from installation.
info @esbuild/linux-mips64el@0.20.2: The CPU architecture "x64" is incompatible with this module.
info @esbuild/linux-riscv64@0.20.2: The platform "win32" is incompatible with this module.
info "@esbuild/linux-riscv64@0.20.2" is an optional dependency and failed compatibility check. Excluding it from installation.
info @esbuild/linux-riscv64@0.20.2: The CPU architecture "x64" is incompatible with this module.
error @chromatic-com/storybook@1.5.0: The engine "yarn" is incompatible with this module. Expected version ">=1.22.18". Got "1.22.15"
error Found incompatible module.
info Visit https://yarnpkg.com/en/docs/cli/add for documentation about this command.
